<?xml version="1.0" encoding="UTF-8"?>
<!-- Generated by org.testng.reporters.JUnitReportReporter -->
<testsuite hostname="DESKTOP-9GTL4K1" failures="0" tests="1" name="testng.CheckBoxest" time="13.445" errors="0" timestamp="2023-02-14T14:36:08 IST" skipped="0">
  <testcase classname="testng.CheckBoxest" name="TestCheckBox" time="13.445"/>
  <system-out/>
</testsuite> <!-- testng.CheckBoxest -->
