<?xml version="1.0" encoding="UTF-8"?>
<!-- Generated by org.testng.reporters.JUnitReportReporter -->
<testsuite hostname="DESKTOP-9GTL4K1" failures="0" tests="1" name="testng.NewTest" time="0.532" errors="0" timestamp="2023-03-06T14:34:13 IST" skipped="0">
  <testcase classname="testng.NewTest" name="f" time="0.532"/>
  <system-out/>
</testsuite> <!-- testng.NewTest -->
