<?xml version="1.0" encoding="UTF-8"?>
<!-- Generated by org.testng.reporters.JUnitReportReporter -->
<testsuite hostname="DESKTOP-9GTL4K1" failures="0" tests="2" name="testng.fileupload" time="1.256" errors="0" timestamp="2023-03-03T21:19:46 IST" skipped="1">
  <testcase classname="testng.fileupload" name="fileupload_002" time="1.256"/>
  <system-out/>
  <testcase classname="testng.fileupload" name="fileupload_001">
    <skipped/>
  </testcase> <!-- fileupload_001 -->
  <system-out/>
</testsuite> <!-- testng.fileupload -->
