<?xml version="1.0" encoding="UTF-8"?>
<!-- Generated by org.testng.reporters.JUnitReportReporter -->
<testsuite hostname="DESKTOP-9GTL4K1" failures="0" tests="1" name="testng.testcaseaction" time="1.217" errors="0" timestamp="2023-03-06T14:12:42 IST" skipped="0">
  <testcase classname="testng.testcaseaction" name="actions_001" time="1.217"/>
  <system-out/>
</testsuite> <!-- testng.testcaseaction -->
