<?xml version="1.0" encoding="UTF-8"?>
<!-- Generated by org.testng.reporters.JUnitReportReporter -->
<testsuite hostname="DESKTOP-9GTL4K1" failures="0" tests="1" name="testng.DynamicTableSearch" time="4.326" errors="0" timestamp="2023-03-04T15:19:09 IST" skipped="0">
  <testcase classname="testng.DynamicTableSearch" name="search" time="4.326"/>
  <system-out/>
</testsuite> <!-- testng.DynamicTableSearch -->
