<?xml version="1.0" encoding="UTF-8"?>
<!-- Generated by org.testng.reporters.JUnitReportReporter -->
<testsuite hostname="DESKTOP-9GTL4K1" failures="0" tests="1" name="testng.Filedownload" time="9.595" errors="0" timestamp="2023-03-03T20:00:52 IST" skipped="0">
  <testcase classname="testng.Filedownload" name="filedownload" time="9.595"/>
  <system-out/>
</testsuite> <!-- testng.Filedownload -->
