<?xml version="1.0" encoding="UTF-8"?>
<!-- Generated by org.testng.reporters.JUnitReportReporter -->
<testsuite hostname="DESKTOP-9GTL4K1" failures="0" tests="6" name="testng.DropDown" time="2.068" errors="0" timestamp="2023-03-01T22:12:19 IST" skipped="4">
  <testcase classname="testng.DropDown" name="multipleElements" time="1.157"/>
  <system-out/>
  <testcase classname="testng.DropDown" name="multipleElements" time="0.911"/>
  <system-out/>
  <testcase classname="testng.DropDown" name="Test_001">
    <skipped/>
  </testcase> <!-- Test_001 -->
  <system-out/>
  <testcase classname="testng.DropDown" name="Test_001">
    <skipped/>
  </testcase> <!-- Test_001 -->
  <system-out/>
  <testcase classname="testng.DropDown" name="Test_002">
    <skipped/>
  </testcase> <!-- Test_002 -->
  <system-out/>
  <testcase classname="testng.DropDown" name="Test_002">
    <skipped/>
  </testcase> <!-- Test_002 -->
  <system-out/>
</testsuite> <!-- testng.DropDown -->
