<?xml version="1.0" encoding="UTF-8"?>
<!-- Generated by org.testng.reporters.JUnitReportReporter -->
<testsuite hostname="DESKTOP-9GTL4K1" failures="0" tests="1" name="testng.popup" time="17.071" errors="0" timestamp="2023-03-01T11:56:51 IST" skipped="0">
  <testcase classname="testng.popup" name="popups_001" time="17.071"/>
  <system-out/>
</testsuite> <!-- testng.popup -->
